TN:
SF:src/modules/ships/services/CreateShipService.ts
FN:19,(anonymous_18)
FN:20,CreateShipService
FN:28,(anonymous_20)
FNF:3
FNH:0
FNDA:0,(anonymous_18)
FNDA:0,CreateShipService
FNDA:0,(anonymous_20)
DA:1,0
DA:3,0
DA:19,0
DA:22,0
DA:25,0
DA:28,0
DA:29,0
DA:30,0
DA:31,0
DA:32,0
DA:33,0
DA:34,0
DA:36,0
DA:38,0
DA:39,0
DA:42,0
DA:51,0
DA:53,0
DA:55,0
DA:57,0
LF:20
LH:0
BRDA:36,0,0,0
BRDA:38,1,0,0
BRDA:38,1,1,0
BRF:3
BRH:0
end_of_record
TN:
SF:src/modules/ships/services/CreateUserShipService.ts
FN:15,(anonymous_18)
FN:16,CreateUserShipService
FN:24,(anonymous_20)
FNF:3
FNH:0
FNDA:0,(anonymous_18)
FNDA:0,CreateUserShipService
FNDA:0,(anonymous_20)
DA:1,0
DA:3,0
DA:15,0
DA:18,0
DA:21,0
DA:24,0
DA:25,0
DA:32,0
DA:33,0
DA:36,0
DA:41,0
DA:43,0
DA:45,0
DA:47,0
LF:14
LH:0
BRDA:25,0,0,0
BRDA:32,1,0,0
BRDA:32,1,1,0
BRF:3
BRH:0
end_of_record
TN:
SF:src/modules/ships/services/ListShipsService.ts
FN:8,(anonymous_17)
FN:9,ListShipsService
FN:17,(anonymous_19)
FNF:3
FNH:0
FNDA:0,(anonymous_17)
FNDA:0,ListShipsService
FNDA:0,(anonymous_19)
DA:1,0
DA:8,0
DA:11,0
DA:14,0
DA:17,0
DA:18,0
DA:20,0
DA:21,0
DA:23,0
DA:26,0
DA:28,0
DA:30,0
LF:12
LH:0
BRDA:18,0,0,0
BRDA:18,0,1,0
BRDA:20,1,0,0
BRDA:20,1,1,0
BRF:4
BRH:0
end_of_record
TN:
SF:src/modules/ships/services/ListSingleShipService.ts
FN:11,(anonymous_17)
FN:12,ListShipsService
FN:17,(anonymous_19)
FNF:3
FNH:0
FNDA:0,(anonymous_17)
FNDA:0,ListShipsService
FNDA:0,(anonymous_19)
DA:1,0
DA:11,0
DA:14,0
DA:17,0
DA:18,0
DA:20,0
DA:22,0
DA:24,0
LF:8
LH:0
BRDA:18,0,0,0
BRF:1
BRH:0
end_of_record
TN:
SF:src/modules/ships/services/ListUserShipsService.ts
FN:13,(anonymous_17)
FN:14,ListUserShipsService
FN:22,(anonymous_19)
FNF:3
FNH:0
FNDA:0,(anonymous_17)
FNDA:0,ListUserShipsService
FNDA:0,(anonymous_19)
DA:1,0
DA:13,0
DA:16,0
DA:19,0
DA:22,0
DA:23,0
DA:27,0
DA:28,0
DA:30,0
DA:33,0
DA:35,0
DA:37,0
LF:12
LH:0
BRDA:23,0,0,0
BRDA:23,0,1,0
BRDA:27,1,0,0
BRDA:27,1,1,0
BRF:4
BRH:0
end_of_record
TN:
SF:src/modules/users/services/AuthenticateUserService.ts
FN:23,(anonymous_18)
FN:24,AuthenticateUserService
FN:32,(anonymous_20)
FNF:3
FNH:3
FNDA:1,(anonymous_18)
FNDA:3,AuthenticateUserService
FNDA:3,(anonymous_20)
DA:1,1
DA:2,1
DA:4,1
DA:6,1
DA:23,1
DA:26,3
DA:29,3
DA:32,3
DA:33,3
DA:35,3
DA:36,1
DA:39,2
DA:44,2
DA:45,1
DA:48,1
DA:50,1
DA:55,1
DA:57,1
DA:59,1
LF:19
LH:19
BRDA:33,0,0,3
BRDA:35,1,0,1
BRDA:35,1,1,2
BRDA:44,2,0,1
BRDA:44,2,1,1
BRF:5
BRH:5
end_of_record
TN:
SF:src/modules/users/services/CreateUserService.ts
FN:18,(anonymous_18)
FN:19,CreateUserService
FN:30,(anonymous_20)
FNF:3
FNH:3
FNDA:1,(anonymous_18)
FNDA:3,CreateUserService
FNDA:5,(anonymous_20)
DA:1,1
DA:3,1
DA:18,1
DA:21,3
DA:24,3
DA:27,3
DA:30,1
DA:31,5
DA:32,5
DA:33,5
DA:34,5
DA:36,5
DA:38,5
DA:39,1
DA:42,4
DA:46,4
DA:47,1
DA:50,3
DA:52,3
DA:59,6
DA:61,3
DA:63,1
DA:65,1
LF:23
LH:23
BRDA:36,0,0,5
BRDA:38,1,0,1
BRDA:38,1,1,4
BRDA:46,2,0,1
BRDA:46,2,1,3
BRF:5
BRH:5
end_of_record
TN:
SF:src/modules/users/services/ResetPasswordService.ts
FN:17,(anonymous_18)
FN:18,SendForgotPasswordEmailService
FN:29,(anonymous_20)
FNF:3
FNH:3
FNDA:1,(anonymous_18)
FNDA:4,SendForgotPasswordEmailService
FNDA:4,(anonymous_20)
DA:1,1
DA:2,1
DA:4,1
DA:17,1
DA:20,4
DA:23,4
DA:26,4
DA:29,4
DA:30,4
DA:32,4
DA:33,1
DA:36,3
DA:38,3
DA:39,1
DA:42,2
DA:43,2
DA:45,2
DA:46,1
DA:49,1
DA:51,2
DA:53,1
DA:55,1
LF:22
LH:22
BRDA:30,0,0,4
BRDA:32,1,0,1
BRDA:32,1,1,3
BRDA:38,2,0,1
BRDA:38,2,1,2
BRDA:45,3,0,1
BRDA:45,3,1,1
BRF:7
BRH:7
end_of_record
TN:
SF:src/modules/users/services/SendForgotPasswordEmailService.ts
FN:15,(anonymous_18)
FN:16,SendForgotPasswordEmailService
FN:27,(anonymous_20)
FNF:3
FNH:3
FNDA:1,(anonymous_18)
FNDA:3,SendForgotPasswordEmailService
FNDA:3,(anonymous_20)
DA:1,1
DA:2,1
DA:4,1
DA:15,1
DA:18,3
DA:21,3
DA:24,3
DA:27,3
DA:28,3
DA:30,3
DA:31,1
DA:34,2
DA:36,2
DA:43,4
DA:58,1
DA:60,1
LF:16
LH:16
BRDA:28,0,0,3
BRDA:30,1,0,1
BRDA:30,1,1,2
BRF:3
BRH:3
end_of_record
TN:
SF:src/modules/users/services/ShowProfileService.ts
FN:13,(anonymous_18)
FN:14,ShowProfileService
FN:19,(anonymous_20)
FNF:3
FNH:3
FNDA:1,(anonymous_18)
FNDA:2,ShowProfileService
FNDA:2,(anonymous_20)
DA:1,1
DA:3,1
DA:13,1
DA:16,2
DA:19,2
DA:20,2
DA:22,2
DA:23,1
DA:26,1
DA:28,1
DA:30,1
LF:11
LH:11
BRDA:20,0,0,2
BRDA:22,1,0,1
BRDA:22,1,1,1
BRF:3
BRH:3
end_of_record
TN:
SF:src/modules/users/services/UpdateProfileService.ts
FN:18,(anonymous_18)
FN:19,UpdateProfileService
FN:27,(anonymous_20)
FNF:3
FNH:3
FNDA:1,(anonymous_18)
FNDA:6,UpdateProfileService
FNDA:6,(anonymous_20)
DA:1,1
DA:3,1
DA:18,1
DA:21,6
DA:24,6
DA:27,1
DA:28,6
DA:29,6
DA:30,6
DA:31,6
DA:32,6
DA:34,6
DA:36,6
DA:37,1
DA:40,5
DA:42,5
DA:43,1
DA:46,4
DA:47,4
DA:49,4
DA:50,1
DA:55,4
DA:56,2
DA:61,2
DA:62,1
DA:66,3
DA:67,1
DA:70,2
DA:72,2
DA:74,1
DA:76,1
LF:31
LH:31
BRDA:34,0,0,6
BRDA:34,0,1,2
BRDA:36,1,0,1
BRDA:36,1,1,5
BRDA:42,2,0,1
BRDA:42,2,1,4
BRDA:42,3,0,5
BRDA:42,3,1,1
BRDA:49,4,0,1
BRDA:49,4,1,3
BRDA:49,5,0,4
BRDA:49,5,1,3
BRDA:55,6,0,1
BRDA:55,6,1,2
BRDA:55,7,0,3
BRDA:55,7,1,2
BRDA:61,8,0,1
BRDA:61,8,1,1
BRDA:66,9,0,1
BRDA:66,9,1,1
BRF:20
BRH:20
end_of_record
TN:
SF:src/modules/users/services/UpdateUserAvatarService.ts
FN:15,(anonymous_18)
FN:16,UpdateUserAvatarService
FN:24,(anonymous_20)
FNF:3
FNH:3
FNDA:1,(anonymous_18)
FNDA:3,UpdateUserAvatarService
FNDA:4,(anonymous_20)
DA:1,1
DA:3,1
DA:15,1
DA:18,3
DA:21,3
DA:24,4
DA:25,4
DA:27,4
DA:28,1
DA:31,3
DA:32,1
DA:35,3
DA:37,3
DA:39,6
DA:41,3
DA:43,1
DA:45,1
LF:17
LH:17
BRDA:25,0,0,4
BRDA:27,1,0,1
BRDA:27,1,1,3
BRDA:31,2,0,1
BRDA:31,2,1,2
BRF:5
BRH:5
end_of_record
